<?xml version="1.0" encoding="UTF-8"?>
<!-- Generated by org.testng.reporters.JUnitReportReporter -->
<testsuite hostname="DESKTOP-A3GGF3L" failures="0" tests="3" name="com.testng.AmazonTestNg" time="7.658" errors="0" timestamp="2023-01-13T12:53:03 PST" skipped="1">
  <testcase classname="com.testng.AmazonTestNg" name="UserClickProduct" time="5.426"/>
  <system-out/>
  <testcase classname="com.testng.AmazonTestNg" name="UserInput" time="2.232"/>
  <system-out/>
  <testcase classname="com.testng.AmazonTestNg" name="dropDown">
    <skipped/>
  </testcase> <!-- dropDown -->
  <system-out/>
</testsuite> <!-- com.testng.AmazonTestNg -->
