<?xml version="1.0" encoding="UTF-8"?>
<!-- Generated by org.testng.reporters.JUnitReportReporter -->
<testsuite hostname="DESKTOP-A3GGF3L" failures="0" tests="1" name="com.basicscript.testng.Basic1" time="0.005" errors="0" timestamp="2023-01-14T13:37:22 PST" skipped="0">
  <testcase classname="com.basicscript.testng.Basic1" name="productdelete" time="0.005"/>
  <system-out/>
</testsuite> <!-- com.basicscript.testng.Basic1 -->
