<?xml version="1.0" encoding="UTF-8"?>
<!-- Generated by org.testng.reporters.JUnitReportReporter -->
<testsuite hostname="DESKTOP-A3GGF3L" failures="0" tests="2" name="com.testng.ParallelWebpage" time="8.282" errors="0" timestamp="2023-01-13T13:03:23 PST" skipped="0">
  <testcase classname="com.testng.ParallelWebpage" name="browserLaunch" time="3.750"/>
  <system-out/>
  <testcase classname="com.testng.ParallelWebpage" name="launchURL" time="4.532"/>
  <system-out/>
</testsuite> <!-- com.testng.ParallelWebpage -->
