<?xml version="1.0" encoding="UTF-8"?>
<!-- Generated by org.testng.reporters.JUnitReportReporter -->
<testsuite hostname="DESKTOP-A3GGF3L" failures="0" tests="4" name="com.basicscript.testng.BasicTestNg" time="0.011" errors="0" timestamp="2023-01-11T12:27:03 PST" skipped="0">
  <testcase classname="com.basicscript.testng.BasicTestNg" name="subMethod4" time="0.006"/>
  <system-out/>
  <testcase classname="com.basicscript.testng.BasicTestNg" name="subMethod5" time="0.002"/>
  <system-out/>
  <testcase classname="com.basicscript.testng.BasicTestNg" name="subMethod4" time="0.001"/>
  <system-out/>
  <testcase classname="com.basicscript.testng.BasicTestNg" name="subMethod4" time="0.002"/>
  <system-out/>
</testsuite> <!-- com.basicscript.testng.BasicTestNg -->
