<?xml version="1.0" encoding="UTF-8"?>
<!-- Generated by org.testng.reporters.JUnitReportReporter -->
<testsuite hostname="DESKTOP-A3GGF3L" failures="0" tests="1" name="com.testng.Amazon1" time="1.016" errors="0" timestamp="2023-01-11T09:13:29 PST" skipped="0">
  <testcase classname="com.testng.Amazon1" name="dropDown" time="1.016"/>
  <system-out/>
</testsuite> <!-- com.testng.Amazon1 -->
